make -C byterun  all
make[1]: Entering directory `/usr/local/home/gyorsh/dev/ocaml/byterun'
make[1]: Nothing to be done for `all'.
make[1]: Leaving directory `/usr/local/home/gyorsh/dev/ocaml/byterun'
cp byterun/ocamlrun boot/ocamlrun
make -C yacc  all
make[1]: Entering directory `/usr/local/home/gyorsh/dev/ocaml/yacc'
make[1]: Nothing to be done for `all'.
make[1]: Leaving directory `/usr/local/home/gyorsh/dev/ocaml/yacc'
cp yacc/ocamlyacc boot/ocamlyacc
make -C stdlib  \
  COMPILER="../boot/ocamlc -use-prims ../byterun/primitives" all
make[1]: Entering directory `/usr/local/home/gyorsh/dev/ocaml/stdlib'
make[1]: Nothing to be done for `all'.
make[1]: Leaving directory `/usr/local/home/gyorsh/dev/ocaml/stdlib'
cd stdlib; cp stdlib.cma std_exit.cmo *.cmi camlheader ../boot
cd boot; ln -sf ../byterun/libcamlrun.a .
make opt.opt
make[1]: Entering directory `/usr/local/home/gyorsh/dev/ocaml'
make checkstack
make[2]: Entering directory `/usr/local/home/gyorsh/dev/ocaml'
if gcc -std=gnu99 -O2 -fno-strict-aliasing -fwrapv -fno-builtin-memcmp -Wall -fno-tree-vrp -D_FILE_OFFSET_BITS=64 -D_REENTRANT -DCAML_NAME_SPACE  -Wl,-E -o tools/checkstack tools/checkstack.c; \
  then tools/checkstack; \
fi
rm -f tools/checkstack
make[2]: Leaving directory `/usr/local/home/gyorsh/dev/ocaml'
make runtime
make[2]: Entering directory `/usr/local/home/gyorsh/dev/ocaml'
make -C byterun  all
make[3]: Entering directory `/usr/local/home/gyorsh/dev/ocaml/byterun'
make[3]: Nothing to be done for `all'.
make[3]: Leaving directory `/usr/local/home/gyorsh/dev/ocaml/byterun'
make[2]: Leaving directory `/usr/local/home/gyorsh/dev/ocaml'
make core
make[2]: Entering directory `/usr/local/home/gyorsh/dev/ocaml'
make coldstart
make[3]: Entering directory `/usr/local/home/gyorsh/dev/ocaml'
make -C byterun  all
make[4]: Entering directory `/usr/local/home/gyorsh/dev/ocaml/byterun'
make[4]: Nothing to be done for `all'.
make[4]: Leaving directory `/usr/local/home/gyorsh/dev/ocaml/byterun'
cp byterun/ocamlrun boot/ocamlrun
make -C yacc  all
make[4]: Entering directory `/usr/local/home/gyorsh/dev/ocaml/yacc'
make[4]: Nothing to be done for `all'.
make[4]: Leaving directory `/usr/local/home/gyorsh/dev/ocaml/yacc'
cp yacc/ocamlyacc boot/ocamlyacc
make -C stdlib  \
  COMPILER="../boot/ocamlc -use-prims ../byterun/primitives" all
make[4]: Entering directory `/usr/local/home/gyorsh/dev/ocaml/stdlib'
make[4]: Nothing to be done for `all'.
make[4]: Leaving directory `/usr/local/home/gyorsh/dev/ocaml/stdlib'
cd stdlib; cp stdlib.cma std_exit.cmo *.cmi camlheader ../boot
cd boot; ln -sf ../byterun/libcamlrun.a .
make[3]: Leaving directory `/usr/local/home/gyorsh/dev/ocaml'
make coreall
make[3]: Entering directory `/usr/local/home/gyorsh/dev/ocaml'
make ocamlc
make[4]: Entering directory `/usr/local/home/gyorsh/dev/ocaml'
make[4]: `ocamlc' is up to date.
make[4]: Leaving directory `/usr/local/home/gyorsh/dev/ocaml'
make ocamllex ocamlyacc ocamltools library
make[4]: Entering directory `/usr/local/home/gyorsh/dev/ocaml'
make -C yacc  all
make[5]: Entering directory `/usr/local/home/gyorsh/dev/ocaml/yacc'
make[5]: Nothing to be done for `all'.
make[5]: Leaving directory `/usr/local/home/gyorsh/dev/ocaml/yacc'
make -C stdlib  all
make[5]: Entering directory `/usr/local/home/gyorsh/dev/ocaml/stdlib'
make[5]: Nothing to be done for `all'.
make[5]: Leaving directory `/usr/local/home/gyorsh/dev/ocaml/stdlib'
make -C lex all
make[4]: Nothing to be done for `ocamlyacc'.
make[5]: Entering directory `/usr/local/home/gyorsh/dev/ocaml/lex'
make[5]: Nothing to be done for `all'.
make[5]: Leaving directory `/usr/local/home/gyorsh/dev/ocaml/lex'
make -C tools all
make[5]: Entering directory `/usr/local/home/gyorsh/dev/ocaml/tools'
make[5]: Nothing to be done for `all'.
make[5]: Leaving directory `/usr/local/home/gyorsh/dev/ocaml/tools'
make[4]: Leaving directory `/usr/local/home/gyorsh/dev/ocaml'
make[3]: Leaving directory `/usr/local/home/gyorsh/dev/ocaml'
make[2]: Leaving directory `/usr/local/home/gyorsh/dev/ocaml'
make ocaml
make[2]: Entering directory `/usr/local/home/gyorsh/dev/ocaml'
make[2]: `ocaml' is up to date.
make[2]: Leaving directory `/usr/local/home/gyorsh/dev/ocaml'
make opt-core
make[2]: Entering directory `/usr/local/home/gyorsh/dev/ocaml'
make -C asmrun  all
make[3]: Entering directory `/usr/local/home/gyorsh/dev/ocaml/asmrun'
make[3]: Nothing to be done for `all'.
make[3]: Leaving directory `/usr/local/home/gyorsh/dev/ocaml/asmrun'
make ocamlopt
make[3]: Entering directory `/usr/local/home/gyorsh/dev/ocaml'
echo \# 1 \"amd64/emit.mlp\" > asmcomp/emit.ml
boot/ocamlrun tools/cvt_emit < asmcomp/amd64/emit.mlp >> asmcomp/emit.ml \
|| { rm -f asmcomp/emit.ml; exit 2; }
boot/ocamlrun boot/ocamlc -g -nostdlib -I boot -use-prims byterun/primitives -strict-sequence -principal -absname -w +a-4-9-41-42-44-45-48 -warn-error A -bin-annot -safe-string -strict-formats -I utils -I parsing -I typing -I bytecomp -I middle_end -I middle_end/base_types -I asmcomp -I asmcomp/debug -I driver -I toplevel -c asmcomp/emit.ml
File "/usr/local/home/gyorsh/dev/ocaml/asmcomp/amd64/emit.mlp", line 509, characters 2-43:
Error: This expression has type discriminator:int -> unit
       but an expression was expected of type unit
       because it is in the left-hand side of a sequence
make[3]: *** [asmcomp/emit.cmo] Error 2
make[3]: Leaving directory `/usr/local/home/gyorsh/dev/ocaml'
make[2]: *** [opt-core] Error 2
make[2]: Leaving directory `/usr/local/home/gyorsh/dev/ocaml'
make[1]: *** [opt.opt] Error 2
make[1]: Leaving directory `/usr/local/home/gyorsh/dev/ocaml'
make: *** [world.opt] Error 2
